<?xml version="1.0" encoding="UTF-8"?>
<robot generator="Robot 6.0.2 (Python 3.10.6 on linux)" generated="20230409 03:05:33.579" rpa="false" schemaversion="3">
<suite id="s1" name="Portfolio-Site" source="/home/hi/Documents/GitHub/robot-testing/tests/portfolio-site.robot">
<test id="s1-t1" name="Able to open website successfully" line="12">
<kw name="Set Selenium Speed" library="SeleniumLibrary">
<arg>.3s</arg>
<doc>Sets the delay that is waited after each Selenium command.</doc>
<status status="PASS" starttime="20230409 03:05:33.678" endtime="20230409 03:05:33.678"/>
</kw>
<kw name="Set Selenium Timeout" library="SeleniumLibrary">
<arg>10s</arg>
<doc>Sets the timeout that is used by various keywords.</doc>
<status status="PASS" starttime="20230409 03:05:33.678" endtime="20230409 03:05:33.678"/>
</kw>
<kw name="Log" library="BuiltIn">
<arg>Starting the test case!</arg>
<doc>Logs the given message with the given level.</doc>
<msg timestamp="20230409 03:05:33.679" level="INFO">Starting the test case!</msg>
<status status="PASS" starttime="20230409 03:05:33.679" endtime="20230409 03:05:33.679"/>
</kw>
<kw name="Open Browser" library="SeleniumLibrary">
<arg>https://joycew.dev/</arg>
<arg>chrome</arg>
<doc>Opens a new browser instance to the optional ``url``.</doc>
<msg timestamp="20230409 03:05:33.679" level="INFO">Opening browser 'chrome' to base url 'https://joycew.dev/'.</msg>
<status status="PASS" starttime="20230409 03:05:33.679" endtime="20230409 03:05:35.262"/>
</kw>
<kw name="Sleep" library="BuiltIn">
<arg>3s</arg>
<doc>Pauses the test executed for the given time.</doc>
<msg timestamp="20230409 03:05:38.263" level="INFO">Slept 3 seconds</msg>
<status status="PASS" starttime="20230409 03:05:35.262" endtime="20230409 03:05:38.263"/>
</kw>
<doc>This is some basic info about the test</doc>
<tag>Robot testing contact section</tag>
<status status="PASS" starttime="20230409 03:05:33.677" endtime="20230409 03:05:38.263"/>
</test>
<test id="s1-t2" name="Navigate to Contact Section" line="24">
<kw name="Page Should Contain" library="SeleniumLibrary">
<arg>Front-End Developer</arg>
<doc>Verifies that current page contains ``text``.</doc>
<msg timestamp="20230409 03:05:38.876" level="INFO">Current page contains text 'Front-End Developer'.</msg>
<status status="PASS" starttime="20230409 03:05:38.264" endtime="20230409 03:05:38.876"/>
</kw>
<kw name="Sleep" library="BuiltIn">
<arg>3s</arg>
<doc>Pauses the test executed for the given time.</doc>
<msg timestamp="20230409 03:05:41.877" level="INFO">Slept 3 seconds</msg>
<status status="PASS" starttime="20230409 03:05:38.876" endtime="20230409 03:05:41.877"/>
</kw>
<kw name="Click Link" library="SeleniumLibrary">
<arg>Contact</arg>
<doc>Clicks a link identified by ``locator``.</doc>
<msg timestamp="20230409 03:05:41.878" level="INFO">Clicking link 'Contact'.</msg>
<status status="PASS" starttime="20230409 03:05:41.877" endtime="20230409 03:05:42.814"/>
</kw>
<kw name="Sleep" library="BuiltIn">
<arg>3s</arg>
<doc>Pauses the test executed for the given time.</doc>
<msg timestamp="20230409 03:05:45.815" level="INFO">Slept 3 seconds</msg>
<status status="PASS" starttime="20230409 03:05:42.814" endtime="20230409 03:05:45.815"/>
</kw>
<status status="PASS" starttime="20230409 03:05:38.263" endtime="20230409 03:05:45.815"/>
</test>
<test id="s1-t3" name="Should be able to fill the form and submit" line="34">
<kw name="Page Should Contain" library="SeleniumLibrary">
<arg>Fill up the form to keep in touch</arg>
<doc>Verifies that current page contains ``text``.</doc>
<msg timestamp="20230409 03:05:46.427" level="INFO">Current page contains text 'Fill up the form to keep in touch'.</msg>
<status status="PASS" starttime="20230409 03:05:45.816" endtime="20230409 03:05:46.427"/>
</kw>
<kw name="Input Text" library="SeleniumLibrary">
<arg>id=firstName</arg>
<arg>robot</arg>
<doc>Types the given ``text`` into the text field identified by ``locator``.</doc>
<msg timestamp="20230409 03:05:46.428" level="INFO">Typing text 'robot' into text field 'id=firstName'.</msg>
<status status="PASS" starttime="20230409 03:05:46.427" endtime="20230409 03:05:47.484"/>
</kw>
<kw name="Input Text" library="SeleniumLibrary">
<arg>id=email</arg>
<arg>joycewv2022@gmail.com</arg>
<doc>Types the given ``text`` into the text field identified by ``locator``.</doc>
<msg timestamp="20230409 03:05:47.485" level="INFO">Typing text 'joycewv2022@gmail.com' into text field 'id=email'.</msg>
<status status="PASS" starttime="20230409 03:05:47.484" endtime="20230409 03:05:48.663"/>
</kw>
<kw name="Input Text" library="SeleniumLibrary">
<arg>id=comment</arg>
<arg>2nd robot testing, more than 25 characters and more</arg>
<doc>Types the given ``text`` into the text field identified by ``locator``.</doc>
<msg timestamp="20230409 03:05:48.664" level="INFO">Typing text '2nd robot testing, more than 25 characters and more' into text field 'id=comment'.</msg>
<status status="PASS" starttime="20230409 03:05:48.663" endtime="20230409 03:05:50.047"/>
</kw>
<kw name="Click Button" library="SeleniumLibrary">
<arg>Send</arg>
<doc>Clicks the button identified by ``locator``.</doc>
<msg timestamp="20230409 03:05:50.048" level="INFO">Clicking button 'Send'.</msg>
<status status="PASS" starttime="20230409 03:05:50.047" endtime="20230409 03:05:51.301"/>
</kw>
<status status="PASS" starttime="20230409 03:05:45.815" endtime="20230409 03:05:51.301"/>
</test>
<test id="s1-t4" name="Close the browser" line="43">
<kw name="Sleep" library="BuiltIn">
<arg>3s</arg>
<doc>Pauses the test executed for the given time.</doc>
<msg timestamp="20230409 03:05:54.302" level="INFO">Slept 3 seconds</msg>
<status status="PASS" starttime="20230409 03:05:51.302" endtime="20230409 03:05:54.302"/>
</kw>
<kw name="Close Browser" library="SeleniumLibrary">
<doc>Closes the current browser.</doc>
<status status="PASS" starttime="20230409 03:05:54.302" endtime="20230409 03:05:54.657"/>
</kw>
<status status="PASS" starttime="20230409 03:05:51.301" endtime="20230409 03:05:54.657"/>
</test>
<doc>This is some basic info about the whole suite</doc>
<status status="PASS" starttime="20230409 03:05:33.579" endtime="20230409 03:05:54.658"/>
</suite>
<statistics>
<total>
<stat pass="4" fail="0" skip="0">All Tests</stat>
</total>
<tag>
<stat pass="1" fail="0" skip="0">Robot testing contact section</stat>
</tag>
<suite>
<stat pass="4" fail="0" skip="0" id="s1" name="Portfolio-Site">Portfolio-Site</stat>
</suite>
</statistics>
<errors>
</errors>
</robot>
