<?xml version="1.0" encoding="UTF-8"?>
<robot generator="Robot 6.0.2 (Python 3.10.6 on linux)" generated="20230409 01:13:07.068" rpa="false" schemaversion="3">
<suite id="s1" name="Portfolio-Site" source="/home/hi/Documents/GitHub/robot-testing/tests/portfolio-site.robot">
<test id="s1-t1" name="Should be able to add new customer" line="12">
<kw name="Set Selenium Speed" library="SeleniumLibrary">
<arg>.3s</arg>
<doc>Sets the delay that is waited after each Selenium command.</doc>
<status status="PASS" starttime="20230409 01:13:07.170" endtime="20230409 01:13:07.170"/>
</kw>
<kw name="Set Selenium Timeout" library="SeleniumLibrary">
<arg>10s</arg>
<doc>Sets the timeout that is used by various keywords.</doc>
<status status="PASS" starttime="20230409 01:13:07.170" endtime="20230409 01:13:07.170"/>
</kw>
<kw name="Log" library="BuiltIn">
<arg>Starting the test case!</arg>
<doc>Logs the given message with the given level.</doc>
<msg timestamp="20230409 01:13:07.170" level="INFO">Starting the test case!</msg>
<status status="PASS" starttime="20230409 01:13:07.170" endtime="20230409 01:13:07.170"/>
</kw>
<kw name="Open Browser" library="SeleniumLibrary">
<arg>https://joycew.dev/</arg>
<arg>chrome</arg>
<doc>Opens a new browser instance to the optional ``url``.</doc>
<msg timestamp="20230409 01:13:07.171" level="INFO">Opening browser 'chrome' to base url 'https://joycew.dev/'.</msg>
<status status="PASS" starttime="20230409 01:13:07.171" endtime="20230409 01:13:08.733"/>
</kw>
<kw name="Sleep" library="BuiltIn">
<arg>3s</arg>
<doc>Pauses the test executed for the given time.</doc>
<msg timestamp="20230409 01:13:11.734" level="INFO">Slept 3 seconds</msg>
<status status="PASS" starttime="20230409 01:13:08.733" endtime="20230409 01:13:11.734"/>
</kw>
<kw name="Page Should Contain" library="SeleniumLibrary">
<arg>Front-End Developer</arg>
<doc>Verifies that current page contains ``text``.</doc>
<msg timestamp="20230409 01:13:12.346" level="INFO">Current page contains text 'Front-End Developer'.</msg>
<status status="PASS" starttime="20230409 01:13:11.734" endtime="20230409 01:13:12.346"/>
</kw>
<kw name="Sleep" library="BuiltIn">
<arg>3s</arg>
<doc>Pauses the test executed for the given time.</doc>
<msg timestamp="20230409 01:13:15.346" level="INFO">Slept 3 seconds</msg>
<status status="PASS" starttime="20230409 01:13:12.346" endtime="20230409 01:13:15.347"/>
</kw>
<kw name="Click Link" library="SeleniumLibrary">
<arg>Contact</arg>
<doc>Clicks a link identified by ``locator``.</doc>
<msg timestamp="20230409 01:13:15.347" level="INFO">Clicking link 'Contact'.</msg>
<status status="PASS" starttime="20230409 01:13:15.347" endtime="20230409 01:13:16.284"/>
</kw>
<kw name="Sleep" library="BuiltIn">
<arg>3s</arg>
<doc>Pauses the test executed for the given time.</doc>
<msg timestamp="20230409 01:13:19.284" level="INFO">Slept 3 seconds</msg>
<status status="PASS" starttime="20230409 01:13:16.284" endtime="20230409 01:13:19.285"/>
</kw>
<kw name="Page Should Contain" library="SeleniumLibrary">
<arg>Fill up the form to keep in touch</arg>
<doc>Verifies that current page contains ``text``.</doc>
<msg timestamp="20230409 01:13:19.896" level="INFO">Current page contains text 'Fill up the form to keep in touch'.</msg>
<status status="PASS" starttime="20230409 01:13:19.285" endtime="20230409 01:13:19.896"/>
</kw>
<kw name="Input Text" library="SeleniumLibrary">
<arg>id=firstName</arg>
<arg>robot</arg>
<doc>Types the given ``text`` into the text field identified by ``locator``.</doc>
<msg timestamp="20230409 01:13:19.897" level="INFO">Typing text 'robot' into text field 'id=firstName'.</msg>
<status status="PASS" starttime="20230409 01:13:19.896" endtime="20230409 01:13:20.948"/>
</kw>
<kw name="Input Text" library="SeleniumLibrary">
<arg>id=email</arg>
<arg>joyce.wv2022@gmail.com</arg>
<doc>Types the given ``text`` into the text field identified by ``locator``.</doc>
<msg timestamp="20230409 01:13:20.949" level="INFO">Typing text 'joyce.wv2022@gmail.com' into text field 'id=email'.</msg>
<status status="PASS" starttime="20230409 01:13:20.948" endtime="20230409 01:13:22.165"/>
</kw>
<kw name="Input Text" library="SeleniumLibrary">
<arg>id=comment</arg>
<arg>First robot testing, more than 25 characters</arg>
<doc>Types the given ``text`` into the text field identified by ``locator``.</doc>
<msg timestamp="20230409 01:13:22.166" level="INFO">Typing text 'First robot testing, more than 25 characters' into text field 'id=comment'.</msg>
<status status="PASS" starttime="20230409 01:13:22.165" endtime="20230409 01:13:23.488"/>
</kw>
<kw name="Click Button" library="SeleniumLibrary">
<arg>Send</arg>
<doc>Clicks the button identified by ``locator``.</doc>
<msg timestamp="20230409 01:13:23.489" level="INFO">Clicking button 'Send'.</msg>
<status status="PASS" starttime="20230409 01:13:23.489" endtime="20230409 01:13:24.743"/>
</kw>
<kw name="Sleep" library="BuiltIn">
<arg>4s</arg>
<doc>Pauses the test executed for the given time.</doc>
<msg timestamp="20230409 01:13:28.744" level="INFO">Slept 4 seconds</msg>
<status status="PASS" starttime="20230409 01:13:24.743" endtime="20230409 01:13:28.744"/>
</kw>
<kw name="Close Browser" library="SeleniumLibrary">
<doc>Closes the current browser.</doc>
<status status="PASS" starttime="20230409 01:13:28.744" endtime="20230409 01:13:29.099"/>
</kw>
<doc>This is some basic info about the test</doc>
<tag>Robot testing contact section</tag>
<status status="PASS" starttime="20230409 01:13:07.169" endtime="20230409 01:13:29.099"/>
</test>
<doc>This is some basic info about the whole suite</doc>
<status status="PASS" starttime="20230409 01:13:07.069" endtime="20230409 01:13:29.100"/>
</suite>
<statistics>
<total>
<stat pass="1" fail="0" skip="0">All Tests</stat>
</total>
<tag>
<stat pass="1" fail="0" skip="0">Robot testing contact section</stat>
</tag>
<suite>
<stat pass="1" fail="0" skip="0" id="s1" name="Portfolio-Site">Portfolio-Site</stat>
</suite>
</statistics>
<errors>
</errors>
</robot>
